C51 COMPILER V9.52.0.0   UART                                                              02/06/2024 23:06:03 PAGE 1   


C51 COMPILER V9.52.0.0, COMPILATION OF MODULE UART
OBJECT MODULE PLACED IN uart.obj
COMPILER INVOKED BY: C:\Keil\C51\BIN\C51.EXE lib\uart.c OPTIMIZE(0,SPEED) BROWSE ORDER NOAREGS DEBUG OBJECTEXTEND PRINT(
                    -.\uart.lst) TABS(2) OBJECT(uart.obj)

line level    source

   1          
   2          #include "uart.h"
   3          
   4          
   5          sbit UART_RXD = P3^0;  // RXD pin
   6          sbit UART_TXD = P3^1;  // TXD pin
   7          
   8          void UART_Init() { 
   9   1          TMOD |= 0x20;    // Timer 1, Mode 2 (8-bit auto-reload)  
  10   1          // TH1 = 0xFD;      // Set baud rate for 9600 bps at 11.0592 MHz crystal
  11   1          TH1 = 0xFA;       // Set baud rate for 9600 bps at 22.1184 MHz crystal
  12   1          TL1 = TH1;
  13   1       
  14   1          TR1 = 1;         // Start Timer 1
  15   1      
  16   1          SCON = 0x50;     // Set serial mode 1 (8-bit UART)
  17   1          EA = 1;          // Enable global interrupts
  18   1          ES = 1;          // Enable serial interrupt
  19   1      }
  20          
  21          
  22          
  23          void UART_TxString(const char *string) {
  24   1          while (*string != '\0') {
  25   2              SBUF = *string;  // Send character
  26   2              while (!TI);     // Wait for transmit complete
  27   2              TI = 0;          // Clear transmit interrupt flag
  28   2              string++;        // Move to the next character
  29   2             
  30   2          }
  31   1      }
  32          
  33          void UART_TxBytes(const unsigned char *bytes, unsigned int length) {
  34   1          unsigned int i =0;
  35   1          for (i = 0; i < length; i++) {
  36   2              SBUF = bytes[i];  // Send byte
  37   2              while (!TI);      // Wait for transmit complete
  38   2              TI = 0;           // Clear transmit interrupt flag
  39   2          }
  40   1      }
  41          
  42          void UART_Listen() {
  43   1          unsigned char receivedData;
  44   1      
  45   1          // COMMAND LOGIC GOES HERE 
  46   1      
  47   1          if (RI) {
  48   2              receivedData = SBUF;  // Read the received character
  49   2              RI = 0;               // Clear the receive interrupt flag
  50   2      
  51   2              // Process the received data (mirror it back)
  52   2              SBUF = receivedData;  // Send the character back
  53   2              while (!TI);          // Wait for the transmit to complete
  54   2              TI = 0;               // Clear the transmit interrupt flag
C51 COMPILER V9.52.0.0   UART                                                              02/06/2024 23:06:03 PAGE 2   

  55   2          }
  56   1      }
  57          
  58           


MODULE INFORMATION:   STATIC OVERLAYABLE
   CODE SIZE        =    155    ----
   CONSTANT SIZE    =   ----    ----
   XDATA SIZE       =   ----    ----
   PDATA SIZE       =   ----    ----
   DATA SIZE        =     11    ----
   IDATA SIZE       =   ----    ----
   BIT SIZE         =   ----    ----
END OF MODULE INFORMATION.


C51 COMPILATION COMPLETE.  0 WARNING(S),  0 ERROR(S)
